<?xml version="1.0" encoding="UTF-8"?>
<!-- Generated by org.testng.reporters.JUnitReportReporter -->
<testsuite hostname="Sajid" failures="0" tests="10" name="testrunners.CucumberTestRunner" time="308.329" errors="0" timestamp="2024-03-17T23:28:41 BDT" skipped="0">
  <testcase classname="testrunners.CucumberTestRunner" name="runScenario" time="28.076"/>
  <testcase classname="testrunners.CucumberTestRunner" name="runScenario" time="19.487"/>
  <testcase classname="testrunners.CucumberTestRunner" name="runScenario" time="18.358"/>
  <testcase classname="testrunners.CucumberTestRunner" name="runScenario" time="19.579"/>
  <testcase classname="testrunners.CucumberTestRunner" name="runScenario" time="19.183"/>
  <testcase classname="testrunners.CucumberTestRunner" name="runScenario" time="18.419"/>
  <testcase classname="testrunners.CucumberTestRunner" name="runScenario" time="40.140"/>
  <testcase classname="testrunners.CucumberTestRunner" name="runScenario" time="18.015"/>
  <testcase classname="testrunners.CucumberTestRunner" name="runScenario" time="25.225"/>
  <testcase classname="testrunners.CucumberTestRunner" name="runScenario" time="101.847"/>
</testsuite> <!-- testrunners.CucumberTestRunner -->
